Library/Bee/Android/Prj/Mono2x/Gradle/launcher/build/intermediates/manifest_merge_blame_file/release/manifest-merger-blame-release-report.txt
1<?xml version="1.0" encoding="utf-8"?>
2<manifest xmlns:android="http://schemas.android.com/apk/res/android"
3    package="com.Sarah.VR_Shopping8_3"
4    android:installLocation="auto"
5    android:versionCode="1"
6    android:versionName="0.3.0" >
7
8    <uses-sdk
9        android:minSdkVersion="23"
9-->src/main/AndroidManifest.xml
10        android:targetSdkVersion="30" />
10-->src/main/AndroidManifest.xml
11
12    <supports-screens
12-->src/main/AndroidManifest.xml:3:3-163
13        android:anyDensity="true"
13-->src/main/AndroidManifest.xml:3:135-160
14        android:largeScreens="true"
14-->src/main/AndroidManifest.xml:3:78-105
15        android:normalScreens="true"
15-->src/main/AndroidManifest.xml:3:49-77
16        android:smallScreens="true"
16-->src/main/AndroidManifest.xml:3:21-48
17        android:xlargeScreens="true" />
17-->src/main/AndroidManifest.xml:3:106-134
18
19    <uses-feature android:glEsVersion="0x00030000" />
19-->[:unityLibrary] AndroidManifest.xml:13:5-54
19-->[:unityLibrary] AndroidManifest.xml:13:19-51
20
21    <uses-permission android:name="android.permission.INTERNET" />
21-->[:unityLibrary] AndroidManifest.xml:15:5-67
21-->[:unityLibrary] AndroidManifest.xml:15:22-64
22    <uses-permission android:name="android.permission.RECORD_AUDIO" />
22-->[:unityLibrary] AndroidManifest.xml:16:5-71
22-->[:unityLibrary] AndroidManifest.xml:16:22-68
23    <uses-permission android:name="android.permission.MODIFY_AUDIO_SETTINGS" />
23-->[:unityLibrary] AndroidManifest.xml:17:5-80
23-->[:unityLibrary] AndroidManifest.xml:17:22-77
24
25    <uses-feature
25-->[:unityLibrary] AndroidManifest.xml:19:5-21:36
26        android:name="android.hardware.microphone"
26-->[:unityLibrary] AndroidManifest.xml:20:9-51
27        android:required="false" />
27-->[:unityLibrary] AndroidManifest.xml:21:9-33
28    <uses-feature
28-->[:unityLibrary] AndroidManifest.xml:22:5-24:36
29        android:name="android.hardware.touchscreen"
29-->[:unityLibrary] AndroidManifest.xml:23:9-52
30        android:required="false" />
30-->[:unityLibrary] AndroidManifest.xml:24:9-33
31    <uses-feature
31-->[:unityLibrary] AndroidManifest.xml:25:5-27:36
32        android:name="android.hardware.touchscreen.multitouch"
32-->[:unityLibrary] AndroidManifest.xml:26:9-63
33        android:required="false" />
33-->[:unityLibrary] AndroidManifest.xml:27:9-33
34    <uses-feature
34-->[:unityLibrary] AndroidManifest.xml:28:5-30:36
35        android:name="android.hardware.touchscreen.multitouch.distinct"
35-->[:unityLibrary] AndroidManifest.xml:29:9-72
36        android:required="false" />
36-->[:unityLibrary] AndroidManifest.xml:30:9-33
37    <uses-feature
37-->[:unityLibrary] AndroidManifest.xml:31:5-34:31
38        android:name="android.hardware.vr.headtracking"
38-->[:unityLibrary] AndroidManifest.xml:32:9-56
39        android:required="true"
39-->[:unityLibrary] AndroidManifest.xml:33:9-32
40        android:version="1" />
40-->[:unityLibrary] AndroidManifest.xml:34:9-28
41
42    <application
42-->src/main/AndroidManifest.xml:4:3-83
43        android:allowBackup="false"
43-->[:unityLibrary] AndroidManifest.xml:37:9-36
44        android:extractNativeLibs="true"
44-->[:unityLibrary] AndroidManifest.xml:38:9-41
45        android:icon="@mipmap/app_icon"
45-->src/main/AndroidManifest.xml:4:49-80
46        android:label="@string/app_name"
46-->src/main/AndroidManifest.xml:4:16-48
47        android:networkSecurityConfig="@xml/network_sec_config" >
47-->[:unityLibrary] AndroidManifest.xml:41:9-64
48        <activity
48-->[:unityLibrary] AndroidManifest.xml:42:9-66:20
49            android:name="com.unity3d.player.UnityPlayerActivity"
49-->[:unityLibrary] AndroidManifest.xml:43:13-66
50            android:configChanges="keyboard|keyboardHidden|navigation|orientation|screenLayout|screenSize|uiMode"
50-->[:unityLibrary] AndroidManifest.xml:44:13-114
51            android:hardwareAccelerated="false"
51-->[:unityLibrary] AndroidManifest.xml:45:13-48
52            android:launchMode="singleTask"
52-->[:unityLibrary] AndroidManifest.xml:46:13-44
53            android:resizeableActivity="false"
53-->[:unityLibrary] AndroidManifest.xml:47:13-47
54            android:screenOrientation="landscape"
54-->[:unityLibrary] AndroidManifest.xml:48:13-50
55            android:theme="@android:style/Theme.Black.NoTitleBar.Fullscreen" >
55-->[:unityLibrary] AndroidManifest.xml:49:13-77
56            <intent-filter>
56-->[:unityLibrary] AndroidManifest.xml:50:13-55:29
57                <action android:name="android.intent.action.MAIN" />
57-->[:unityLibrary] AndroidManifest.xml:51:17-69
57-->[:unityLibrary] AndroidManifest.xml:51:25-66
58
59                <category android:name="android.intent.category.LAUNCHER" />
59-->[:unityLibrary] AndroidManifest.xml:53:17-77
59-->[:unityLibrary] AndroidManifest.xml:53:27-74
60                <category android:name="com.oculus.intent.category.VR" />
60-->[:unityLibrary] AndroidManifest.xml:54:17-74
60-->[:unityLibrary] AndroidManifest.xml:54:27-71
61            </intent-filter>
62
63            <meta-data
63-->[:unityLibrary] AndroidManifest.xml:57:13-59:40
64                android:name="unityplayer.UnityActivity"
64-->[:unityLibrary] AndroidManifest.xml:58:17-57
65                android:value="true" />
65-->[:unityLibrary] AndroidManifest.xml:59:17-37
66            <meta-data
66-->[:unityLibrary] AndroidManifest.xml:60:13-62:40
67                android:name="android.notch_support"
67-->[:unityLibrary] AndroidManifest.xml:61:17-53
68                android:value="true" />
68-->[:unityLibrary] AndroidManifest.xml:62:17-37
69            <meta-data
69-->[:unityLibrary] AndroidManifest.xml:63:13-65:40
70                android:name="com.oculus.vr.focusaware"
70-->[:unityLibrary] AndroidManifest.xml:64:17-56
71                android:value="true" />
71-->[:unityLibrary] AndroidManifest.xml:65:17-37
72        </activity>
73
74        <meta-data
74-->[:unityLibrary] AndroidManifest.xml:68:9-70:33
75            android:name="unity.splash-mode"
75-->[:unityLibrary] AndroidManifest.xml:69:13-45
76            android:value="0" />
76-->[:unityLibrary] AndroidManifest.xml:70:13-30
77        <meta-data
77-->[:unityLibrary] AndroidManifest.xml:71:9-73:36
78            android:name="unity.splash-enable"
78-->[:unityLibrary] AndroidManifest.xml:72:13-47
79            android:value="True" />
79-->[:unityLibrary] AndroidManifest.xml:73:13-33
80        <meta-data
80-->[:unityLibrary] AndroidManifest.xml:74:9-76:36
81            android:name="unity.launch-fullscreen"
81-->[:unityLibrary] AndroidManifest.xml:75:13-51
82            android:value="True" />
82-->[:unityLibrary] AndroidManifest.xml:76:13-33
83        <meta-data
83-->[:unityLibrary] AndroidManifest.xml:77:9-79:37
84            android:name="unity.allow-resizable-window"
84-->[:unityLibrary] AndroidManifest.xml:78:13-56
85            android:value="False" />
85-->[:unityLibrary] AndroidManifest.xml:79:13-34
86        <meta-data
86-->[:unityLibrary] AndroidManifest.xml:80:9-82:50
87            android:name="notch.config"
87-->[:unityLibrary] AndroidManifest.xml:81:13-40
88            android:value="portrait|landscape" />
88-->[:unityLibrary] AndroidManifest.xml:82:13-47
89        <meta-data
89-->[:unityLibrary] AndroidManifest.xml:83:9-85:39
90            android:name="com.samsung.android.vr.application.mode"
90-->[:unityLibrary] AndroidManifest.xml:84:13-67
91            android:value="vr_only" />
91-->[:unityLibrary] AndroidManifest.xml:85:13-36
92        <meta-data
92-->[:unityLibrary] AndroidManifest.xml:86:9-88:37
93            android:name="com.unity.xr.oculus.LowOverheadMode"
93-->[:unityLibrary] AndroidManifest.xml:87:13-63
94            android:value="false" />
94-->[:unityLibrary] AndroidManifest.xml:88:13-34
95        <meta-data
95-->[:unityLibrary] AndroidManifest.xml:89:9-91:44
96            android:name="com.oculus.supportedDevices"
96-->[:unityLibrary] AndroidManifest.xml:90:13-55
97            android:value="quest|quest2" />
97-->[:unityLibrary] AndroidManifest.xml:91:13-41
98    </application>
99
100</manifest>